#
# There is insufficient memory for the Java Runtime Environment to continue.
# Native memory allocation (malloc) failed to allocate 313840 bytes for Chunk::new
# Possible reasons:
#   The system is out of physical RAM or swap space
#   In 32 bit mode, the process size limit was hit
# Possible solutions:
#   Reduce memory load on the system
#   Increase physical memory or swap space
#   Check if swap backing store is full
#   Use 64 bit Java on a 64 bit OS
#   Decrease Java heap size (-Xmx/-Xms)
#   Decrease number of Java threads
#   Decrease Java thread stack sizes (-Xss)
#   Set larger code cache with -XX:ReservedCodeCacheSize=
# This output file may be truncated or incomplete.
#
#  Out of Memory Error (allocation.cpp:390), pid=12532, tid=0x0000000000002490
#
# JRE version: Java(TM) SE Runtime Environment (8.0_161-b12) (build 1.8.0_161-b12)
# Java VM: Java HotSpot(TM) 64-Bit Server VM (25.161-b12 mixed mode windows-amd64 compressed oops)
# Failed to write core dump. Minidumps are not enabled by default on client versions of Windows
#

---------------  T H R E A D  ---------------

Current thread (0x00000000172ba000):  JavaThread "C2 CompilerThread0" daemon [_thread_in_native, id=9360, stack(0x0000000018940000,0x0000000018a40000)]

Stack: [0x0000000018940000,0x0000000018a40000]
[error occurred during error reporting (printing stack bounds), id 0xc0000005]

Native frames: (J=compiled Java code, j=interpreted, Vv=VM code, C=native code)


Current CompileTask:
C2:   1128  289       4       java.io.WinNTFileSystem::normalize (143 bytes)


---------------  P R O C E S S  ---------------

Java Threads: ( => current thread )
  0x0000000018c68800 JavaThread "Service Thread" daemon [_thread_blocked, id=12284, stack(0x0000000019040000,0x0000000019140000)]
  0x00000000172c5000 JavaThread "C1 CompilerThread2" daemon [_thread_in_native, id=11108, stack(0x0000000018b40000,0x0000000018c40000)]
  0x00000000172bc800 JavaThread "C2 CompilerThread1" daemon [_thread_in_native, id=12384, stack(0x0000000018a40000,0x0000000018b40000)]
=>0x00000000172ba000 JavaThread "C2 CompilerThread0" daemon [_thread_in_native, id=9360, stack(0x0000000018940000,0x0000000018a40000)]
  0x00000000172b9000 JavaThread "Attach Listener" daemon [_thread_blocked, id=9668, stack(0x0000000018840000,0x0000000018940000)]
  0x00000000172b5800 JavaThread "Signal Dispatcher" daemon [_thread_blocked, id=7352, stack(0x0000000018740000,0x0000000018840000)]
  0x00000000172a0000 JavaThread "Finalizer" daemon [_thread_blocked, id=12796, stack(0x0000000018520000,0x0000000018620000)]
  0x0000000002758000 JavaThread "Reference Handler" daemon [_thread_blocked, id=9724, stack(0x0000000018420000,0x0000000018520000)]
  0x0000000002669800 JavaThread "main" [_thread_in_native, id=7888, stack(0x0000000002540000,0x0000000002640000)]

Other Threads:
  0x0000000017277800 VMThread [stack: 0x0000000018320000,0x0000000018420000] [id=8088]
  0x0000000018cd0000 WatcherThread [stack: 0x0000000019140000,0x0000000019240000] [id=10956]

VM state:not at safepoint (normal execution)

VM Mutex/Monitor currently owned by a thread: None

Heap:
 PSYoungGen      total 38400K, used 13003K [0x00000000d5d80000, 0x00000000d8800000, 0x0000000100000000)
  eden space 33280K, 39% used [0x00000000d5d80000,0x00000000d6a32cd8,0x00000000d7e00000)
  from space 5120K, 0% used [0x00000000d8300000,0x00000000d8300000,0x00000000d8800000)
  to   space 5120K, 0% used [0x00000000d7e00000,0x00000000d7e00000,0x00000000d8300000)
 ParOldGen       total 87552K, used 0K [0x0000000081800000, 0x0000000086d80000, 0x00000000d5d80000)
  object space 87552K, 0% used [0x0000000081800000,0x0000000081800000,0x0000000086d80000)
 Metaspace       used 4880K, capacity 5460K, committed 5760K, reserved 1056768K
  class space    used 566K, capacity 592K, committed 640K, reserved 1048576K

Card table byte_map: [0x0000000011b20000,0x0000000011f20000] byte_map_base: 0x0000000011714000

Marking Bits: (ParMarkBitMap*) 0x000000005577f860
 Begin Bits: [0x00000000125d0000, 0x0000000014570000)
 End Bits:   [0x0000000014570000, 0x0000000016510000)

Polling page: 0x0000000000610000

CodeCache: size=245760Kb used=1814Kb max_used=1814Kb free=243945Kb
 bounds [0x0000000002760000, 0x00000000029d0000, 0x0000000011760000]
 total_blobs=568 nmethods=305 adapters=176
 compilation: enabled

Compilation events (10 events):
Event: 0.996 Thread 0x00000000172c5000  298       3       java.util.ArrayDeque::pollFirst (42 bytes)
Event: 0.996 Thread 0x00000000172c5000 nmethod 298 0x0000000002920510 code [0x0000000002920680, 0x00000000029209b0]
Event: 1.004 Thread 0x00000000172c5000  300       3       java.util.zip.ZipCoder::decoder (35 bytes)
Event: 1.005 Thread 0x00000000172c5000 nmethod 300 0x0000000002920e90 code [0x0000000002921020, 0x0000000002921688]
Event: 1.032 Thread 0x00000000172c5000  303   !   3       java.util.zip.ZipFile$ZipFileInflaterInputStream::close (67 bytes)
Event: 1.033 Thread 0x00000000172c5000 nmethod 303 0x0000000002921f50 code [0x0000000002922120, 0x0000000002922918]
Event: 1.033 Thread 0x00000000172c5000  304       3       sun.net.www.protocol.file.Handler::parseURL (18 bytes)
Event: 1.033 Thread 0x00000000172c5000 nmethod 304 0x0000000002922cd0 code [0x0000000002922e40, 0x00000000029230b8]
Event: 1.033 Thread 0x00000000172c5000  305       3       java.net.URLStreamHandler::parseURL (1193 bytes)
Event: 1.044 Thread 0x00000000172bc800  309 %     4       java.lang.String::replace @ 78 (127 bytes)

GC Heap History (0 events):
No events

Deoptimization events (1 events):
Event: 0.370 Thread 0x0000000002669800 Uncommon trap: reason=unstable_if action=reinterpret pc=0x000000000286cce0 method=java.lang.String.hashCode()I @ 14

Classes redefined (0 events):
No events

Internal exceptions (10 events):
Event: 0.627 Thread 0x0000000002669800 Exception <a 'java/security/PrivilegedActionException'> (0x00000000d622d9e0) thrown at [C:\re\workspace\8-2-build-windows-amd64-cygwin\jdk8u161\10277\hotspot\src\share\vm\prims\jvm.cpp, line 1390]
Event: 0.627 Thread 0x0000000002669800 Exception <a 'java/security/PrivilegedActionException'> (0x00000000d622dbf0) thrown at [C:\re\workspace\8-2-build-windows-amd64-cygwin\jdk8u161\10277\hotspot\src\share\vm\prims\jvm.cpp, line 1390]
Event: 0.627 Thread 0x0000000002669800 Exception <a 'java/security/PrivilegedActionException'> (0x00000000d622eea0) thrown at [C:\re\workspace\8-2-build-windows-amd64-cygwin\jdk8u161\10277\hotspot\src\share\vm\prims\jvm.cpp, line 1390]
Event: 0.627 Thread 0x0000000002669800 Exception <a 'java/security/PrivilegedActionException'> (0x00000000d622f0b0) thrown at [C:\re\workspace\8-2-build-windows-amd64-cygwin\jdk8u161\10277\hotspot\src\share\vm\prims\jvm.cpp, line 1390]
Event: 0.627 Thread 0x0000000002669800 Exception <a 'java/security/PrivilegedActionException'> (0x00000000d6230450) thrown at [C:\re\workspace\8-2-build-windows-amd64-cygwin\jdk8u161\10277\hotspot\src\share\vm\prims\jvm.cpp, line 1390]
Event: 0.627 Thread 0x0000000002669800 Exception <a 'java/security/PrivilegedActionException'> (0x00000000d6230660) thrown at [C:\re\workspace\8-2-build-windows-amd64-cygwin\jdk8u161\10277\hotspot\src\share\vm\prims\jvm.cpp, line 1390]
Event: 0.825 Thread 0x0000000002669800 Exception <a 'java/security/PrivilegedActionException'> (0x00000000d64ae0a8) thrown at [C:\re\workspace\8-2-build-windows-amd64-cygwin\jdk8u161\10277\hotspot\src\share\vm\prims\jvm.cpp, line 1390]
Event: 0.825 Thread 0x0000000002669800 Exception <a 'java/security/PrivilegedActionException'> (0x00000000d64ae4a0) thrown at [C:\re\workspace\8-2-build-windows-amd64-cygwin\jdk8u161\10277\hotspot\src\share\vm\prims\jvm.cpp, line 1390]
Event: 0.826 Thread 0x0000000002669800 Exception <a 'java/security/PrivilegedActionException'> (0x00000000d64b2598) thrown at [C:\re\workspace\8-2-build-windows-amd64-cygwin\jdk8u161\10277\hotspot\src\share\vm\prims\jvm.cpp, line 1390]
Event: 0.826 Thread 0x0000000002669800 Exception <a 'java/security/PrivilegedActionException'> (0x00000000d64b2990) thrown at [C:\re\workspace\8-2-build-windows-amd64-cygwin\jdk8u161\10277\hotspot\src\share\vm\prims\jvm.cpp, line 1390]

Events (10 events):
Event: 1.047 loading class org/slf4j/spi/LocationAwareLogger
Event: 1.047 loading class org/slf4j/spi/LocationAwareLogger done
Event: 1.048 loading class ch/qos/logback/core/spi/AppenderAttachable
Event: 1.048 loading class ch/qos/logback/core/spi/AppenderAttachable done
Event: 1.050 loading class ch/qos/logback/classic/spi/ILoggingEvent
Event: 1.050 loading class ch/qos/logback/classic/spi/ILoggingEvent done
Event: 1.050 loading class ch/qos/logback/core/spi/DeferredProcessingAware
Event: 1.050 loading class ch/qos/logback/core/spi/DeferredProcessingAware done
Event: 1.051 loading class ch/qos/logback/classic/Level
Event: 1.051 loading class ch/qos/logback/classic/Level done


Dynamic libraries:
0x00007ff65ba20000 - 0x00007ff65ba57000 	C:\Program Files\Java\jdk1.8.0_161\bin\java.exe
0x00007ffcd2d50000 - 0x00007ffcd2f31000 	C:\WINDOWS\SYSTEM32\ntdll.dll
0x00007ffcd0c20000 - 0x00007ffcd0cd2000 	C:\WINDOWS\System32\KERNEL32.DLL
0x00007ffccfa00000 - 0x00007ffccfc73000 	C:\WINDOWS\System32\KERNELBASE.dll
0x00007ffcd0a10000 - 0x00007ffcd0ab1000 	C:\WINDOWS\System32\ADVAPI32.dll
0x00007ffcd02d0000 - 0x00007ffcd036e000 	C:\WINDOWS\System32\msvcrt.dll
0x00007ffcd2bf0000 - 0x00007ffcd2c4b000 	C:\WINDOWS\System32\sechost.dll
0x00007ffcd1560000 - 0x00007ffcd1684000 	C:\WINDOWS\System32\RPCRT4.dll
0x00007ffcd0540000 - 0x00007ffcd06d0000 	C:\WINDOWS\System32\USER32.dll
0x00007ffccfc80000 - 0x00007ffccfca0000 	C:\WINDOWS\System32\win32u.dll
0x00007ffcd1130000 - 0x00007ffcd1158000 	C:\WINDOWS\System32\GDI32.dll
0x00007ffccfd50000 - 0x00007ffccfee2000 	C:\WINDOWS\System32\gdi32full.dll
0x00007ffccf960000 - 0x00007ffccf9ff000 	C:\WINDOWS\System32\msvcp_win.dll
0x00007ffccfef0000 - 0x00007ffccffea000 	C:\WINDOWS\System32\ucrtbase.dll
0x00007ffcc3ec0000 - 0x00007ffcc4129000 	C:\WINDOWS\WinSxS\amd64_microsoft.windows.common-controls_6595b64144ccf1df_6.0.17134.523_none_fb409dd930672a56\COMCTL32.dll
0x00007ffcd06d0000 - 0x00007ffcd09f2000 	C:\WINDOWS\System32\combase.dll
0x00007ffccf830000 - 0x00007ffccf8aa000 	C:\WINDOWS\System32\bcryptPrimitives.dll
0x00007ffcd1160000 - 0x00007ffcd118d000 	C:\WINDOWS\System32\IMM32.DLL
0x0000000055e70000 - 0x0000000055f42000 	C:\Program Files\Java\jdk1.8.0_161\jre\bin\msvcr100.dll
0x0000000054f60000 - 0x00000000557ff000 	C:\Program Files\Java\jdk1.8.0_161\jre\bin\server\jvm.dll
0x00007ffcd0370000 - 0x00007ffcd0378000 	C:\WINDOWS\System32\PSAPI.DLL
0x00007ffccdb50000 - 0x00007ffccdb59000 	C:\WINDOWS\SYSTEM32\WSOCK32.dll
0x00007ffccc8b0000 - 0x00007ffccc8d3000 	C:\WINDOWS\SYSTEM32\WINMM.dll
0x00007ffcd14f0000 - 0x00007ffcd155c000 	C:\WINDOWS\System32\WS2_32.dll
0x00007ffcbd7d0000 - 0x00007ffcbd7da000 	C:\WINDOWS\SYSTEM32\VERSION.dll
0x00007ffccc880000 - 0x00007ffccc8aa000 	C:\WINDOWS\SYSTEM32\winmmbase.dll
0x00007ffccf8b0000 - 0x00007ffccf8f9000 	C:\WINDOWS\System32\cfgmgr32.dll
0x0000000056000000 - 0x000000005600f000 	C:\Program Files\Java\jdk1.8.0_161\jre\bin\verify.dll
0x0000000055fd0000 - 0x0000000055ff9000 	C:\Program Files\Java\jdk1.8.0_161\jre\bin\java.dll
0x0000000054f40000 - 0x0000000054f56000 	C:\Program Files\Java\jdk1.8.0_161\jre\bin\zip.dll
0x00007ffcd16f0000 - 0x00007ffcd2b30000 	C:\WINDOWS\System32\SHELL32.dll
0x00007ffcd2b40000 - 0x00007ffcd2be9000 	C:\WINDOWS\System32\shcore.dll
0x00007ffccf120000 - 0x00007ffccf82d000 	C:\WINDOWS\System32\windows.storage.dll
0x00007ffcd1490000 - 0x00007ffcd14e1000 	C:\WINDOWS\System32\shlwapi.dll
0x00007ffccf100000 - 0x00007ffccf111000 	C:\WINDOWS\System32\kernel.appcore.dll
0x00007ffccf070000 - 0x00007ffccf08f000 	C:\WINDOWS\System32\profapi.dll
0x00007ffccf0b0000 - 0x00007ffccf0fc000 	C:\WINDOWS\System32\powrprof.dll
0x00007ffccf060000 - 0x00007ffccf06a000 	C:\WINDOWS\System32\FLTLIB.DLL

VM Arguments:
java_command: com.classphoto2.classphoto2.Classphoto2Application
java_class_path (initial): D:\classphoto2\target\classes;C:\Users\ameli\.m2\repository\org\springframework\boot\spring-boot-starter-data-jpa\2.1.1.RELEASE\spring-boot-starter-data-jpa-2.1.1.RELEASE.jar;C:\Users\ameli\.m2\repository\org\springframework\boot\spring-boot-starter-aop\2.1.1.RELEASE\spring-boot-starter-aop-2.1.1.RELEASE.jar;C:\Users\ameli\.m2\repository\org\aspectj\aspectjweaver\1.9.2\aspectjweaver-1.9.2.jar;C:\Users\ameli\.m2\repository\org\springframework\boot\spring-boot-starter-jdbc\2.1.1.RELEASE\spring-boot-starter-jdbc-2.1.1.RELEASE.jar;C:\Users\ameli\.m2\repository\com\zaxxer\HikariCP\3.2.0\HikariCP-3.2.0.jar;C:\Users\ameli\.m2\repository\org\springframework\spring-jdbc\5.1.3.RELEASE\spring-jdbc-5.1.3.RELEASE.jar;C:\Users\ameli\.m2\repository\javax\transaction\javax.transaction-api\1.3\javax.transaction-api-1.3.jar;C:\Users\ameli\.m2\repository\org\springframework\data\spring-data-jpa\2.1.3.RELEASE\spring-data-jpa-2.1.3.RELEASE.jar;C:\Users\ameli\.m2\repository\org\springframework\data\spring-data-commons\2.1.3.RELEASE\spring-data-commons-2.1.3.RELEASE.jar;C:\Users\ameli\.m2\repository\org\springframework\spring-orm\5.1.3.RELEASE\spring-orm-5.1.3.RELEASE.jar;C:\Users\ameli\.m2\repository\org\springframework\spring-aspects\5.1.3.RELEASE\spring-aspects-5.1.3.RELEASE.jar;C:\Users\ameli\.m2\repository\org\springframework\boot\spring-boot-starter-data-rest\2.1.1.RELEASE\spring-boot-starter-data-rest-2.1.1.RELEASE.jar;C:\Users\ameli\.m2\repository\org\springframework\data\spring-data-rest-webmvc\3.1.3.RELEASE\spring-data-rest-webmvc-3.1.3.RELEASE.jar;C:\Users\ameli\.m2\repository\org\springframework\data\spring-data-rest-core\3.1.3.RELEASE\spring-data-rest-core-3.1.3.RELEASE.jar;C:\Users\ameli\.m2\repository\org\springframework\hateoas\spring-hateoas\0.25.0.RELEASE\spring-hateoas-0.25.0.RELEASE.jar;C:\Users\ameli\.m2\repository\org\springframework\plugin\spring-plugin-core\1.2.0.RELEASE\spring-plugin-core-1.2.0.RELEASE.jar;C:\Users\ameli\.m2\repository
Launcher Type: SUN_STANDARD

Environment Variables:
JAVA_HOME=C:\Program Files\Java\jdk1.8.0_161
PATH=C:\Python27\;C:\Python27\Scripts;C:\ProgramData\Boxstarter;C:\Program Files (x86)\Common Files\Oracle\Java\javapath;C:\ProgramData\Oracle\Java\javapath;C:\Program Files\Broadcom\Broadcom 802.11 Network Adapter;C:\Program Files (x86)\Intel\iCLS Client\;C:\Program Files\Intel\iCLS Client\;C:\WINDOWS\system32;C:\WINDOWS;C:\WINDOWS\System32\Wbem;C:\WINDOWS\System32\WindowsPowerShell\v1.0\;C:\Program Files (x86)\Intel\Intel(R) Management Engine Components\DAL;C:\Program Files\Intel\Intel(R) Management Engine Components\DAL;C:\Program Files (x86)\Intel\Intel(R) Management Engine Components\IPT;C:\Program Files\Intel\Intel(R) Management Engine Components\IPT;C:\Program Files (x86)\ChamberSign\HashLogic\bin;C:\Program Files\ChamberSign\HashLogic\bin;C:\Program Files (x86)\Druide\Antidote 9\Application\Bin64\;C:\Program Files (x86)\Druide\Antidote 9\Application\Bin32\;C:\Program Files\Git\cmd;C:\Program Files\PuTTY\;C:\Program Files\dotnet\;C:\Program Files\Microsoft SQL Server\130\Tools\Binn\;C:\WINDOWS\System32\OpenSSH\;C:\php;C:\composer;C:\Program Files\nodejs\;C:\ProgramData\chocolatey\bin;C:\Users\ameli\spark-2.4.0-bin-hadoop2.7\spark-2.4.0-bin-hadoop2.7\bin;C:\apache-maven-3.6.0\bin;C:\Users\ameli\AppData\Local\Programs\Python\Python36-32\Scripts\;C:\Users\ameli\AppData\Local\Programs\Python\Python36-32\;C:\Users\ameli\AppData\Local\Microsoft\WindowsApps;C:\Users\ameli\AppData\Roaming\Composer\vendor\bin;C:\Users\ameli\AppData\Roaming\npm
USERNAME=Souleymane
OS=Windows_NT
PROCESSOR_IDENTIFIER=Intel64 Family 6 Model 61 Stepping 4, GenuineIntel



---------------  S Y S T E M  ---------------

OS: Windows 10.0 , 64 bit Build 17134 (10.0.17134.1)

CPU:total 4 (initial active 4) (2 cores per cpu, 2 threads per core) family 6 model 61 stepping 4, cmov, cx8, fxsr, mmx, sse, sse2, sse3, ssse3, sse4.1, sse4.2, popcnt, avx, avx2, aes, clmul, erms, 3dnowpref, lzcnt, ht, tsc, tscinvbit, bmi1, bmi2, adx

Memory: 4k page, physical 8288988k(627052k free), swap 8288988k(4096k free)

vm_info: Java HotSpot(TM) 64-Bit Server VM (25.161-b12) for windows-amd64 JRE (1.8.0_161-b12), built on Dec 19 2017 17:52:25 by "java_re" with MS VC++ 10.0 (VS2010)

time: Fri Jan 18 12:53:36 2019
elapsed time: 1 seconds (0d 0h 0m 1s)

